<?xml version="1.0" encoding="UTF-8"?><testsuite errors="1" failures="0" name="Select products by category and section add to cart and remove products from cart" skipped="0" tests="1" time="19.35" timestamp="2022-05-17 05:00:06"><testcase name="validate cart data"><error message="Arity mismatch: Step Definition 'co.com.tcs.prueba.stepsdefinitions.ValidateCartDataStepsDefinitions.theUserShouldSeeInTheCartTheProductTheQuantityAndTheNewValueMatchTheTotalOfProducts(DataTable) in file:/C:/TataCursos/QA/TallerAutomatizacionBancolombia/build/classes/java/test/' with pattern [^the user should see in the cart the product, the quantity and the new value match the total of products$] is declared with 1 parameters. However, the gherkin step has 0 arguments []. &#10;Step text: the user should see in the cart the product, the quantity and the new value match the total of products" type="cucumber.runtime.CucumberException">Arity mismatch: Step Definition 'co.com.tcs.prueba.stepsdefinitions.ValidateCartDataStepsDefinitions.theUserShouldSeeInTheCartTheProductTheQuantityAndTheNewValueMatchTheTotalOfProducts(DataTable) in file:/C:/TataCursos/QA/TallerAutomatizacionBancolombia/build/classes/java/test/' with pattern [^the user should see in the cart the product, the quantity and the new value match the total of products$] is declared with 1 parameters. However, the gherkin step has 0 arguments []. 
Step text: the user should see in the cart the product, the quantity and the new value match the total of products</error><system-err>Arity mismatch: Step Definition 'co.com.tcs.prueba.stepsdefinitions.ValidateCartDataStepsDefinitions.theUserShouldSeeInTheCartTheProductTheQuantityAndTheNewValueMatchTheTotalOfProducts(DataTable) in file:/C:/TataCursos/QA/TallerAutomatizacionBancolombia/build/classes/java/test/' with pattern [^the user should see in the cart the product, the quantity and the new value match the total of products$] is declared with 1 parameters. However, the gherkin step has 0 arguments []. 
Step text: the user should see in the cart the product, the quantity and the new value match the total of products&#13;
cucumber.runner.Runner.runPickle(Runner.java:80)&#13;
worker.org.gradle.process.internal.worker.GradleWorkerMain.run(GradleWorkerMain.java:69)&#13;
worker.org.gradle.process.internal.worker.GradleWorkerMain.main(GradleWorkerMain.java:74)&#13;
</system-err></testcase></testsuite>